Determining if the Q_WS_WIN exist failed with the following output:
Change Dir: /home/chifri/Escritorio/ROBOTICA/ejemplo1/CMakeFiles/CMakeTmp

Run Build Command:"/usr/bin/make" "cmTryCompileExec697027784/fast"
/usr/bin/make -f CMakeFiles/cmTryCompileExec697027784.dir/build.make CMakeFiles/cmTryCompileExec697027784.dir/build
make[1]: Entering directory '/home/chifri/Escritorio/ROBOTICA/ejemplo1/CMakeFiles/CMakeTmp'
/usr/bin/cmake -E cmake_progress_report /home/chifri/Escritorio/ROBOTICA/ejemplo1/CMakeFiles/CMakeTmp/CMakeFiles 1
Building CXX object CMakeFiles/cmTryCompileExec697027784.dir/CheckSymbolExists.cxx.o
/usr/bin/c++    -I/usr/include/qt4    -o CMakeFiles/cmTryCompileExec697027784.dir/CheckSymbolExists.cxx.o -c /home/chifri/Escritorio/ROBOTICA/ejemplo1/CMakeFiles/CMakeTmp/CheckSymbolExists.cxx
/home/chifri/Escritorio/ROBOTICA/ejemplo1/CMakeFiles/CMakeTmp/CheckSymbolExists.cxx: In function ‘int main(int, char**)’:
/home/chifri/Escritorio/ROBOTICA/ejemplo1/CMakeFiles/CMakeTmp/CheckSymbolExists.cxx:8:19: error: ‘Q_WS_WIN’ was not declared in this scope
   return ((int*)(&Q_WS_WIN))[argc];
                   ^
CMakeFiles/cmTryCompileExec697027784.dir/build.make:57: recipe for target 'CMakeFiles/cmTryCompileExec697027784.dir/CheckSymbolExists.cxx.o' failed
make[1]: Leaving directory '/home/chifri/Escritorio/ROBOTICA/ejemplo1/CMakeFiles/CMakeTmp'
make[1]: *** [CMakeFiles/cmTryCompileExec697027784.dir/CheckSymbolExists.cxx.o] Error 1
Makefile:118: recipe for target 'cmTryCompileExec697027784/fast' failed
make: *** [cmTryCompileExec697027784/fast] Error 2

File /home/chifri/Escritorio/ROBOTICA/ejemplo1/CMakeFiles/CMakeTmp/CheckSymbolExists.cxx:
/* */
#include <QtCore/qglobal.h>

int main(int argc, char** argv)
{
  (void)argv;
#ifndef Q_WS_WIN
  return ((int*)(&Q_WS_WIN))[argc];
#else
  (void)argc;
  return 0;
#endif
}

Determining if the Q_WS_QWS exist failed with the following output:
Change Dir: /home/chifri/Escritorio/ROBOTICA/ejemplo1/CMakeFiles/CMakeTmp

Run Build Command:"/usr/bin/make" "cmTryCompileExec4027609282/fast"
/usr/bin/make -f CMakeFiles/cmTryCompileExec4027609282.dir/build.make CMakeFiles/cmTryCompileExec4027609282.dir/build
make[1]: Entering directory '/home/chifri/Escritorio/ROBOTICA/ejemplo1/CMakeFiles/CMakeTmp'
/usr/bin/cmake -E cmake_progress_report /home/chifri/Escritorio/ROBOTICA/ejemplo1/CMakeFiles/CMakeTmp/CMakeFiles 1
Building CXX object CMakeFiles/cmTryCompileExec4027609282.dir/CheckSymbolExists.cxx.o
/usr/bin/c++    -I/usr/include/qt4    -o CMakeFiles/cmTryCompileExec4027609282.dir/CheckSymbolExists.cxx.o -c /home/chifri/Escritorio/ROBOTICA/ejemplo1/CMakeFiles/CMakeTmp/CheckSymbolExists.cxx
/home/chifri/Escritorio/ROBOTICA/ejemplo1/CMakeFiles/CMakeTmp/CheckSymbolExists.cxx: In function ‘int main(int, char**)’:
/home/chifri/Escritorio/ROBOTICA/ejemplo1/CMakeFiles/CMakeTmp/CheckSymbolExists.cxx:8:19: error: ‘Q_WS_QWS’ was not declared in this scope
   return ((int*)(&Q_WS_QWS))[argc];
                   ^
CMakeFiles/cmTryCompileExec4027609282.dir/build.make:57: recipe for target 'CMakeFiles/cmTryCompileExec4027609282.dir/CheckSymbolExists.cxx.o' failed
make[1]: *** [CMakeFiles/cmTryCompileExec4027609282.dir/CheckSymbolExists.cxx.o] Error 1
make[1]: Leaving directory '/home/chifri/Escritorio/ROBOTICA/ejemplo1/CMakeFiles/CMakeTmp'
Makefile:118: recipe for target 'cmTryCompileExec4027609282/fast' failed
make: *** [cmTryCompileExec4027609282/fast] Error 2

File /home/chifri/Escritorio/ROBOTICA/ejemplo1/CMakeFiles/CMakeTmp/CheckSymbolExists.cxx:
/* */
#include <QtCore/qglobal.h>

int main(int argc, char** argv)
{
  (void)argv;
#ifndef Q_WS_QWS
  return ((int*)(&Q_WS_QWS))[argc];
#else
  (void)argc;
  return 0;
#endif
}

Determining if the Q_WS_MAC exist failed with the following output:
Change Dir: /home/chifri/Escritorio/ROBOTICA/ejemplo1/CMakeFiles/CMakeTmp

Run Build Command:"/usr/bin/make" "cmTryCompileExec4276769987/fast"
/usr/bin/make -f CMakeFiles/cmTryCompileExec4276769987.dir/build.make CMakeFiles/cmTryCompileExec4276769987.dir/build
make[1]: Entering directory '/home/chifri/Escritorio/ROBOTICA/ejemplo1/CMakeFiles/CMakeTmp'
/usr/bin/cmake -E cmake_progress_report /home/chifri/Escritorio/ROBOTICA/ejemplo1/CMakeFiles/CMakeTmp/CMakeFiles 1
Building CXX object CMakeFiles/cmTryCompileExec4276769987.dir/CheckSymbolExists.cxx.o
/usr/bin/c++    -I/usr/include/qt4    -o CMakeFiles/cmTryCompileExec4276769987.dir/CheckSymbolExists.cxx.o -c /home/chifri/Escritorio/ROBOTICA/ejemplo1/CMakeFiles/CMakeTmp/CheckSymbolExists.cxx
/home/chifri/Escritorio/ROBOTICA/ejemplo1/CMakeFiles/CMakeTmp/CheckSymbolExists.cxx: In function ‘int main(int, char**)’:
/home/chifri/Escritorio/ROBOTICA/ejemplo1/CMakeFiles/CMakeTmp/CheckSymbolExists.cxx:8:19: error: ‘Q_WS_MAC’ was not declared in this scope
   return ((int*)(&Q_WS_MAC))[argc];
                   ^
CMakeFiles/cmTryCompileExec4276769987.dir/build.make:57: recipe for target 'CMakeFiles/cmTryCompileExec4276769987.dir/CheckSymbolExists.cxx.o' failed
make[1]: Leaving directory '/home/chifri/Escritorio/ROBOTICA/ejemplo1/CMakeFiles/CMakeTmp'
make[1]: *** [CMakeFiles/cmTryCompileExec4276769987.dir/CheckSymbolExists.cxx.o] Error 1
Makefile:118: recipe for target 'cmTryCompileExec4276769987/fast' failed
make: *** [cmTryCompileExec4276769987/fast] Error 2

File /home/chifri/Escritorio/ROBOTICA/ejemplo1/CMakeFiles/CMakeTmp/CheckSymbolExists.cxx:
/* */
#include <QtCore/qglobal.h>

int main(int argc, char** argv)
{
  (void)argv;
#ifndef Q_WS_MAC
  return ((int*)(&Q_WS_MAC))[argc];
#else
  (void)argc;
  return 0;
#endif
}

